<?xml version="1.0" encoding="UTF-8"?>
<!-- Generated by org.testng.reporters.JUnitReportReporter -->
<testsuite hostname="Alexs-MacBook-Air-3.local" name="org.perova.TicTacToe.AppTest" tests="1" failures="0" timestamp="31 Dec 2014 01:55:01 GMT" time="0.024" errors="0">
  <testcase name="testApp" time="0.024" classname="org.perova.TicTacToe.AppTest"/>
</testsuite> <!-- org.perova.TicTacToe.AppTest -->
