<?xml version="1.0" encoding="UTF-8"?>
<!-- Generated by org.testng.reporters.JUnitReportReporter -->
<testsuite hostname="Alexs-Air-3.homeip.net" name="org.perova.TicTacToe.AppTest" tests="29" failures="0" timestamp="29 Jan 2015 00:24:56 GMT" time="0.045" errors="1">
  <testcase name="test_checkCrossesForWinner_WinnerIsInTheLeftCrossing" time="0.001" classname="org.perova.TicTacToe.AppTest"/>
  <testcase name="test_checkRowsForWinner_WinnerIsInThe1stRow" time="0.001" classname="org.perova.TicTacToe.AppTest"/>
  <testcase name="test_goTo_Right_JustFourElementInLine" time="0.001" classname="org.perova.TicTacToe.AppTest"/>
  <testcase name="test_goTo_Right_OneIsAWinnerInLine" time="0.001" classname="org.perova.TicTacToe.AppTest"/>
  <testcase name="test_checkRowsForWinner_WinnerIsInTheCrossing" time="0.001" classname="org.perova.TicTacToe.AppTest"/>
  <testcase name="test_checkCrossesForWinner_WinnerIsInTheRow" time="0.001" classname="org.perova.TicTacToe.AppTest"/>
  <testcase name="test_goTo_Left_OneIsAWinnerInCrossing" time="0.000" classname="org.perova.TicTacToe.AppTest"/>
  <testcase name="test_goTo_Left_CurrentCellIsEmpty_MakeStepOutOfBoundary" time="0.001" classname="org.perova.TicTacToe.AppTest"/>
  <testcase name="test_checkRowsForWinner_WinnerIsInTheLastRow" time="0.001" classname="org.perova.TicTacToe.AppTest"/>
  <testcase name="test_goTo_Left_JustFourElementInLine" time="0.000" classname="org.perova.TicTacToe.AppTest"/>
  <testcase name="test_checkColumnsForWinner_WinnerIsInThe3rdColumn" time="0.001" classname="org.perova.TicTacToe.AppTest"/>
  <testcase name="test_goTo_Left_TwoIsAWinnerInCrossing" time="0.000" classname="org.perova.TicTacToe.AppTest"/>
  <testcase name="test_checkColumnsForWinner_WinnerIsInThe1stColumn" time="0.001" classname="org.perova.TicTacToe.AppTest"/>
  <testcase name="test_goTo_Right_CurrentCellIsEmpty_MakeStepOutOfBoundary" time="0.001" classname="org.perova.TicTacToe.AppTest"/>
  <testcase name="test_checkRowsForWinner_NoWinners" time="0.000" classname="org.perova.TicTacToe.AppTest"/>
  <testcase name="test_checkColumnsForWinnerWinnerIsInTheLastColumn" time="0.001" classname="org.perova.TicTacToe.AppTest"/>
  <testcase name="test_checkColumnsForWinner_WinnerIsInTheRow" time="0.001" classname="org.perova.TicTacToe.AppTest"/>
  <testcase name="test_checkColumnsForWinner_NoWinners" time="0.001" classname="org.perova.TicTacToe.AppTest"/>
  <testcase name="test_goTo_Right_JustOneElementInLine" time="0.000" classname="org.perova.TicTacToe.AppTest"/>
  <testcase name="test_goTo_Right_TwoIsAWinnerInLine" time="0.000" classname="org.perova.TicTacToe.AppTest"/>
  <testcase name="test_goTo_Left_JustOneElementInLine" time="0.001" classname="org.perova.TicTacToe.AppTest"/>
  <testcase name="test_checkRowsForWinner_WinnerIsInTheColumn" time="0.000" classname="org.perova.TicTacToe.AppTest"/>
  <testcase name="test_checkColumnsForWinner_WinnerIsInTheCrossing" time="0.001" classname="org.perova.TicTacToe.AppTest"/>
  <testcase name="test_checkCrossesForWinner_NoWinners" time="0.001" classname="org.perova.TicTacToe.AppTest"/>
  <testcase name="test_checkRowsForWinner_WinnerIsInThe3rdRow" time="0.001" classname="org.perova.TicTacToe.AppTest"/>
  <testcase name="test_checkCrossesForWinner_WinnerIsInTheColumn" time="0.001" classname="org.perova.TicTacToe.AppTest">
    <error type="java.lang.AssertionError" message="expected:&lt;0&gt; but was:&lt;1&gt;">
      <![CDATA[java.lang.AssertionError: expected:<0> but was:<1>
	at org.testng.AssertJUnit.fail(AssertJUnit.java:59)
	at org.testng.AssertJUnit.failNotEquals(AssertJUnit.java:364)
	at org.testng.AssertJUnit.assertEquals(AssertJUnit.java:80)
	at org.testng.AssertJUnit.assertEquals(AssertJUnit.java:245)
	at org.testng.AssertJUnit.assertEquals(AssertJUnit.java:252)
	at org.perova.TicTacToe.AppTest.test_checkCrossesForWinner_WinnerIsInTheColumn(AppTest.java:501)
	at sun.reflect.NativeMethodAccessorImpl.invoke0(Native Method)
	at sun.reflect.NativeMethodAccessorImpl.invoke(NativeMethodAccessorImpl.java:62)
	at sun.reflect.DelegatingMethodAccessorImpl.invoke(DelegatingMethodAccessorImpl.java:43)
	at java.lang.reflect.Method.invoke(Method.java:483)
	at org.testng.internal.MethodInvocationHelper.invokeMethod(MethodInvocationHelper.java:84)
	at org.testng.internal.Invoker.invokeMethod(Invoker.java:714)
	at org.testng.internal.Invoker.invokeTestMethod(Invoker.java:901)
	at org.testng.internal.Invoker.invokeTestMethods(Invoker.java:1231)
	at org.testng.internal.TestMethodWorker.invokeTestMethods(TestMethodWorker.java:127)
	at org.testng.internal.TestMethodWorker.run(TestMethodWorker.java:111)
	at org.testng.TestRunner.privateRun(TestRunner.java:767)
	at org.testng.TestRunner.run(TestRunner.java:617)
	at org.testng.SuiteRunner.runTest(SuiteRunner.java:334)
	at org.testng.SuiteRunner.runSequentially(SuiteRunner.java:329)
	at org.testng.SuiteRunner.privateRun(SuiteRunner.java:291)
	at org.testng.SuiteRunner.run(SuiteRunner.java:240)
	at org.testng.SuiteRunnerWorker.runSuite(SuiteRunnerWorker.java:52)
	at org.testng.SuiteRunnerWorker.run(SuiteRunnerWorker.java:86)
	at org.testng.TestNG.runSuitesSequentially(TestNG.java:1224)
	at org.testng.TestNG.runSuitesLocally(TestNG.java:1149)
	at org.testng.TestNG.run(TestNG.java:1057)
	at org.testng.remote.RemoteTestNG.run(RemoteTestNG.java:111)
	at org.testng.remote.RemoteTestNG.initAndRun(RemoteTestNG.java:204)
	at org.testng.remote.RemoteTestNG.main(RemoteTestNG.java:175)
]]>
    </error>
  </testcase> <!-- test_checkCrossesForWinner_WinnerIsInTheColumn -->
  <testcase name="test_IsFieldSizeCorrect_CorrectFieldSize" time="0.025" classname="org.perova.TicTacToe.AppTest"/>
  <testcase name="test_checkCrossesForWinner_WinnerIsInTheRightCrossing" time="0.000" classname="org.perova.TicTacToe.AppTest"/>
  <testcase name="test_isFieldSizeCorrect_IncorrectFieldSize" time="0.001" classname="org.perova.TicTacToe.AppTest"/>
</testsuite> <!-- org.perova.TicTacToe.AppTest -->
