<?xml version="1.0" encoding="UTF-8"?>
<!-- Generated by org.testng.reporters.JUnitReportReporter -->
<testsuite hostname="Alexs-Air.homeip.net" name="org.perova.TicTacToe.AppTest" tests="33" failures="0" timestamp="21 Feb 2015 03:19:07 GMT" time="0.162" errors="0">
  <testcase name="test_checkRowsForWinner_WinnerIsInThe1stRow" time="0.001" classname="org.perova.TicTacToe.AppTest"/>
  <testcase name="test_checkCrossesForWinner_WinnerIsInTheRightCrossing" time="0.011" classname="org.perova.TicTacToe.AppTest"/>
  <testcase name="test_checkCrossesForWinner_WinnerIsInTheRow" time="0.001" classname="org.perova.TicTacToe.AppTest"/>
  <testcase name="test_goTo_Left_JustFourElementInLine" time="0.010" classname="org.perova.TicTacToe.AppTest"/>
  <testcase name="test_checkColumnsForWinner_WinnerIsInTheCrossing" time="0.000" classname="org.perova.TicTacToe.AppTest"/>
  <testcase name="test_checkColumnsForWinner_NoWinners" time="0.003" classname="org.perova.TicTacToe.AppTest"/>
  <testcase name="test_checkCrossesForWinner_WinnerIsInTheLeftCrossing" time="0.006" classname="org.perova.TicTacToe.AppTest"/>
  <testcase name="test_goTo_Left_CurrentCellIsEmpty_MakeStepOutOfBoundary" time="0.001" classname="org.perova.TicTacToe.AppTest"/>
  <testcase name="test_findWinner_Column_WinerIs1" time="0.001" classname="org.perova.TicTacToe.AppTest"/>
  <testcase name="test_findWinner_Column_WinerIs2" time="0.002" classname="org.perova.TicTacToe.AppTest"/>
  <testcase name="test_goTo_Right_CurrentCellIsEmpty_MakeStepOutOfBoundary" time="0.001" classname="org.perova.TicTacToe.AppTest"/>
  <testcase name="test_goTo_Left_JustOneElementInLine" time="0.001" classname="org.perova.TicTacToe.AppTest"/>
  <testcase name="test_goTo_Right_JustFourElementInLine" time="0.001" classname="org.perova.TicTacToe.AppTest"/>
  <testcase name="test_checkCrossesForWinner_NoWinners" time="0.000" classname="org.perova.TicTacToe.AppTest"/>
  <testcase name="test_checkColumnsForWinnerWinnerIsInTheLastColumn" time="0.095" classname="org.perova.TicTacToe.AppTest"/>
  <testcase name="test_checkRowsForWinner_NoWinners" time="0.001" classname="org.perova.TicTacToe.AppTest"/>
  <testcase name="test_checkColumnsForWinner_WinnerIsInTheRow" time="0.001" classname="org.perova.TicTacToe.AppTest"/>
  <testcase name="test_findWinner_Row_WinerIs2" time="0.001" classname="org.perova.TicTacToe.AppTest"/>
  <testcase name="test_checkRowsForWinner_WinnerIsInTheColumn" time="0.001" classname="org.perova.TicTacToe.AppTest"/>
  <testcase name="test_checkRowsForWinner_WinnerIsInTheCrossing" time="0.001" classname="org.perova.TicTacToe.AppTest"/>
  <testcase name="test_findWinner_Row_WinerIs1" time="0.001" classname="org.perova.TicTacToe.AppTest"/>
  <testcase name="test_goTo_Left_TwoIsAWinnerInCrossing" time="0.000" classname="org.perova.TicTacToe.AppTest"/>
  <testcase name="test_goTo_Right_OneIsAWinnerInLine" time="0.001" classname="org.perova.TicTacToe.AppTest"/>
  <testcase name="test_goTo_Left_OneIsAWinnerInCrossing" time="0.001" classname="org.perova.TicTacToe.AppTest"/>
  <testcase name="test_findWinner_Crosses_WinerIs1" time="0.001" classname="org.perova.TicTacToe.AppTest"/>
  <testcase name="test_checkRowsForWinner_WinnerIsInTheLastRow" time="0.001" classname="org.perova.TicTacToe.AppTest"/>
  <testcase name="test_checkRowsForWinner_WinnerIsInThe3rdRow" time="0.001" classname="org.perova.TicTacToe.AppTest"/>
  <testcase name="test_findWinner_Crosses_WinerIs2" time="0.001" classname="org.perova.TicTacToe.AppTest"/>
  <testcase name="test_checkColumnsForWinner_WinnerIsInThe3rdColumn" time="0.001" classname="org.perova.TicTacToe.AppTest"/>
  <testcase name="test_goTo_Right_TwoIsAWinnerInLine" time="0.001" classname="org.perova.TicTacToe.AppTest"/>
  <testcase name="test_checkColumnsForWinner_WinnerIsInThe1stColumn" time="0.012" classname="org.perova.TicTacToe.AppTest"/>
  <testcase name="test_checkCrossesForWinner_WinnerIsInTheColumn" time="0.001" classname="org.perova.TicTacToe.AppTest"/>
  <testcase name="test_goTo_Right_JustOneElementInLine" time="0.001" classname="org.perova.TicTacToe.AppTest"/>
</testsuite> <!-- org.perova.TicTacToe.AppTest -->
